2025-02-11 21:03:33 - INFO - ------------------------------------------------------------------------------------------------
2025-02-11 21:03:33 - INFO - starting new training !!!!
2025-02-11 21:03:33 - INFO - ------------------------------------------------------------------------------------------------
2025-02-11 21:03:33 - INFO - Namespace(batch=256, data_dir='', embed_dim=768, epoch=50, gamma=0.1, log_dir='logs', log_interval=10, lr=0.0001, model_path=None, save_dir='model_parameter', save_freq=5, step_size=2, weight_fac=0.85)
2025-02-11 21:03:33 - INFO - parameters are being saved at :model_parameter/0
2025-02-11 21:03:33 - INFO - BidPredictor(
  (Region_compressor): Sequential(
    (0): Sequential(
      (0): Linear(in_features=768, out_features=192, bias=True)
      (1): BatchNorm1d(192, eps=1e-05, momentum=0.1, affine=True, track_running_stats=True)
      (2): SiLU()
    )
    (1): Sequential(
      (0): Linear(in_features=192, out_features=48, bias=True)
      (1): BatchNorm1d(48, eps=1e-05, momentum=0.1, affine=True, track_running_stats=True)
      (2): SiLU()
    )
    (2): Sequential(
      (0): Linear(in_features=48, out_features=12, bias=True)
      (1): BatchNorm1d(12, eps=1e-05, momentum=0.1, affine=True, track_running_stats=True)
      (2): SiLU()
    )
    (3): Sequential(
      (0): Linear(in_features=12, out_features=3, bias=True)
      (1): BatchNorm1d(3, eps=1e-05, momentum=0.1, affine=True, track_running_stats=True)
      (2): SiLU()
    )
  )
  (City_compressor): Sequential(
    (0): Sequential(
      (0): Linear(in_features=768, out_features=192, bias=True)
      (1): BatchNorm1d(192, eps=1e-05, momentum=0.1, affine=True, track_running_stats=True)
      (2): SiLU()
    )
    (1): Sequential(
      (0): Linear(in_features=192, out_features=48, bias=True)
      (1): BatchNorm1d(48, eps=1e-05, momentum=0.1, affine=True, track_running_stats=True)
      (2): SiLU()
    )
    (2): Sequential(
      (0): Linear(in_features=48, out_features=12, bias=True)
      (1): BatchNorm1d(12, eps=1e-05, momentum=0.1, affine=True, track_running_stats=True)
      (2): SiLU()
    )
    (3): Sequential(
      (0): Linear(in_features=12, out_features=3, bias=True)
      (1): BatchNorm1d(3, eps=1e-05, momentum=0.1, affine=True, track_running_stats=True)
      (2): SiLU()
    )
  )
  (alignment): Sequential(
    (0): Sequential(
      (0): Linear(in_features=44, out_features=8, bias=True)
      (1): BatchNorm1d(8, eps=1e-05, momentum=0.1, affine=True, track_running_stats=True)
      (2): SiLU()
    )
    (1): Sequential(
      (0): Linear(in_features=8, out_features=4, bias=True)
      (1): BatchNorm1d(4, eps=1e-05, momentum=0.1, affine=True, track_running_stats=True)
      (2): SiLU()
    )
  )
  (backbone): Sequential(
    (0): Sequential(
      (0): Linear(in_features=18, out_features=64, bias=True)
      (1): BatchNorm1d(64, eps=1e-05, momentum=0.1, affine=True, track_running_stats=True)
      (2): SiLU()
    )
    (1): Sequential(
      (0): Linear(in_features=64, out_features=128, bias=True)
      (1): BatchNorm1d(128, eps=1e-05, momentum=0.1, affine=True, track_running_stats=True)
      (2): SiLU()
    )
  )
  (classifier): Linear(in_features=128, out_features=2, bias=True)
)
2025-02-11 21:03:48 - INFO - torch.Size([256, 8])
2025-02-11 21:03:48 - INFO - epoch:0/50 iteration:0/257 batch loss is :5.0092
2025-02-11 21:03:48 - INFO - q loss:5.113706588745117 cls_loss:0.6625645756721497
2025-02-11 21:04:01 - INFO - torch.Size([256, 8])
2025-02-11 21:04:14 - INFO - torch.Size([256, 8])
2025-02-11 21:04:27 - INFO - torch.Size([256, 8])
2025-02-11 21:04:40 - INFO - torch.Size([256, 8])
2025-02-11 21:04:53 - INFO - torch.Size([256, 8])
2025-02-11 21:05:06 - INFO - torch.Size([256, 8])
2025-02-11 21:05:18 - INFO - torch.Size([256, 8])
2025-02-11 21:05:31 - INFO - torch.Size([256, 8])
2025-02-11 21:05:44 - INFO - torch.Size([256, 8])
2025-02-11 21:05:57 - INFO - torch.Size([256, 8])
2025-02-11 21:05:57 - INFO - epoch:0/50 iteration:10/257 batch loss is :8.1052
2025-02-11 21:05:57 - INFO - q loss:5.794933319091797 cls_loss:3.17948055267334
2025-02-11 21:06:10 - INFO - torch.Size([256, 8])
2025-02-11 21:06:22 - INFO - torch.Size([256, 8])
2025-02-11 21:06:35 - INFO - torch.Size([256, 8])
2025-02-11 21:06:48 - INFO - torch.Size([256, 8])
2025-02-11 21:07:01 - INFO - torch.Size([256, 8])
2025-02-11 21:07:13 - INFO - torch.Size([256, 8])
2025-02-11 21:07:26 - INFO - torch.Size([256, 8])
2025-02-11 21:07:39 - INFO - torch.Size([256, 8])
2025-02-11 21:07:52 - INFO - torch.Size([256, 8])
2025-02-11 21:08:05 - INFO - torch.Size([256, 8])
2025-02-11 21:08:05 - INFO - epoch:0/50 iteration:20/257 batch loss is :5.5709
2025-02-11 21:08:05 - INFO - q loss:5.808703422546387 cls_loss:0.6335330605506897
2025-02-11 21:08:17 - INFO - torch.Size([256, 8])
2025-02-11 21:08:30 - INFO - torch.Size([256, 8])
2025-02-11 21:08:43 - INFO - torch.Size([256, 8])
2025-02-11 21:08:56 - INFO - torch.Size([256, 8])
2025-02-11 21:09:08 - INFO - torch.Size([256, 8])
2025-02-11 21:09:21 - INFO - torch.Size([256, 8])
2025-02-11 21:09:34 - INFO - torch.Size([256, 8])
2025-02-11 21:09:47 - INFO - torch.Size([256, 8])
2025-02-11 21:10:00 - INFO - torch.Size([256, 8])
2025-02-11 21:10:13 - INFO - torch.Size([256, 8])
2025-02-11 21:10:13 - INFO - epoch:0/50 iteration:30/257 batch loss is :5.6880
2025-02-11 21:10:13 - INFO - q loss:5.948139190673828 cls_loss:0.6321126222610474
2025-02-11 21:10:25 - INFO - torch.Size([256, 8])
2025-02-11 21:10:38 - INFO - torch.Size([256, 8])
2025-02-11 21:10:51 - INFO - torch.Size([256, 8])
2025-02-11 21:11:04 - INFO - torch.Size([256, 8])
2025-02-11 21:11:16 - INFO - torch.Size([256, 8])
2025-02-11 21:11:29 - INFO - torch.Size([256, 8])
2025-02-11 21:11:42 - INFO - torch.Size([256, 8])
2025-02-11 21:11:55 - INFO - torch.Size([256, 8])
2025-02-11 21:13:49 - INFO - torch.Size([256, 8])
2025-02-11 21:14:53 - INFO - torch.Size([256, 8])
2025-02-11 21:14:53 - INFO - epoch:0/50 iteration:40/257 batch loss is :5.6619
2025-02-11 21:14:53 - INFO - q loss:5.920917510986328 cls_loss:0.629131555557251
2025-02-11 21:16:48 - INFO - torch.Size([256, 8])
2025-02-11 21:17:52 - INFO - torch.Size([256, 8])
2025-02-11 21:18:55 - INFO - torch.Size([256, 8])
2025-02-11 21:20:50 - INFO - torch.Size([256, 8])
2025-02-11 21:21:54 - INFO - torch.Size([256, 8])
2025-02-11 21:23:49 - INFO - torch.Size([256, 8])
2025-02-11 21:24:53 - INFO - torch.Size([256, 8])
2025-02-11 21:45:15 - INFO - torch.Size([256, 8])
2025-02-11 21:45:27 - INFO - torch.Size([256, 8])
2025-02-11 21:45:40 - INFO - torch.Size([256, 8])
2025-02-11 21:45:40 - INFO - epoch:0/50 iteration:50/257 batch loss is :5.4595
2025-02-11 21:45:40 - INFO - q loss:5.683331489562988 cls_loss:0.6286741495132446
2025-02-11 21:45:53 - INFO - torch.Size([256, 8])
2025-02-11 21:46:05 - INFO - torch.Size([256, 8])
2025-02-11 21:46:18 - INFO - torch.Size([256, 8])
2025-02-11 21:46:31 - INFO - torch.Size([256, 8])
2025-02-11 21:46:44 - INFO - torch.Size([256, 8])
2025-02-11 21:46:57 - INFO - torch.Size([256, 8])
2025-02-11 21:47:10 - INFO - torch.Size([256, 8])
2025-02-11 21:47:23 - INFO - torch.Size([256, 8])
2025-02-11 21:47:35 - INFO - torch.Size([256, 8])
2025-02-11 21:47:49 - INFO - torch.Size([256, 8])
2025-02-11 21:47:49 - INFO - epoch:0/50 iteration:60/257 batch loss is :5.4065
2025-02-11 21:47:49 - INFO - q loss:5.621365070343018 cls_loss:0.6283048391342163
2025-02-11 21:48:01 - INFO - torch.Size([256, 8])
2025-02-11 21:48:14 - INFO - torch.Size([256, 8])
2025-02-11 21:48:27 - INFO - torch.Size([256, 8])
2025-02-11 21:48:40 - INFO - torch.Size([256, 8])
2025-02-11 21:48:52 - INFO - torch.Size([256, 8])
2025-02-11 21:49:05 - INFO - torch.Size([256, 8])
2025-02-11 21:49:18 - INFO - torch.Size([256, 8])
2025-02-11 21:49:31 - INFO - torch.Size([256, 8])
2025-02-11 21:49:44 - INFO - torch.Size([256, 8])
2025-02-11 21:49:57 - INFO - torch.Size([256, 8])
2025-02-11 21:49:57 - INFO - epoch:0/50 iteration:70/257 batch loss is :4.9455
2025-02-11 21:49:57 - INFO - q loss:5.083831310272217 cls_loss:0.6242035627365112
2025-02-11 21:50:10 - INFO - torch.Size([256, 8])
2025-02-11 21:50:23 - INFO - torch.Size([256, 8])
2025-02-11 21:50:35 - INFO - torch.Size([256, 8])
2025-02-11 21:50:48 - INFO - torch.Size([256, 8])
2025-02-11 21:51:01 - INFO - torch.Size([256, 8])
2025-02-11 21:51:14 - INFO - torch.Size([256, 8])
2025-02-11 21:51:26 - INFO - torch.Size([256, 8])
2025-02-11 21:51:39 - INFO - torch.Size([256, 8])
2025-02-11 21:51:52 - INFO - torch.Size([256, 8])
2025-02-11 21:52:05 - INFO - torch.Size([256, 8])
2025-02-11 21:52:05 - INFO - epoch:0/50 iteration:80/257 batch loss is :8.2092
2025-02-11 21:52:05 - INFO - q loss:5.555940628051758 cls_loss:3.486611843109131
2025-02-11 21:52:17 - INFO - torch.Size([256, 8])
2025-02-11 21:52:30 - INFO - torch.Size([256, 8])
2025-02-11 21:52:43 - INFO - torch.Size([256, 8])
2025-02-11 21:52:56 - INFO - torch.Size([256, 8])
2025-02-11 21:53:09 - INFO - torch.Size([256, 8])
2025-02-11 21:53:22 - INFO - torch.Size([256, 8])
2025-02-11 21:53:35 - INFO - torch.Size([256, 8])
2025-02-11 21:53:47 - INFO - torch.Size([256, 8])
2025-02-11 21:54:00 - INFO - torch.Size([256, 8])
2025-02-11 21:54:13 - INFO - torch.Size([256, 8])
2025-02-11 21:54:13 - INFO - epoch:0/50 iteration:90/257 batch loss is :5.2854
2025-02-11 21:54:13 - INFO - q loss:5.49268913269043 cls_loss:0.6166134476661682
2025-02-11 21:54:26 - INFO - torch.Size([256, 8])
2025-02-11 21:54:39 - INFO - torch.Size([256, 8])
2025-02-11 21:54:52 - INFO - torch.Size([256, 8])
2025-02-11 21:55:05 - INFO - torch.Size([256, 8])
2025-02-11 21:55:17 - INFO - torch.Size([256, 8])
2025-02-11 21:55:30 - INFO - torch.Size([256, 8])
2025-02-11 21:55:43 - INFO - torch.Size([256, 8])
2025-02-11 21:55:56 - INFO - torch.Size([256, 8])
2025-02-11 21:56:09 - INFO - torch.Size([256, 8])
2025-02-11 21:56:21 - INFO - torch.Size([256, 8])
2025-02-11 21:56:21 - INFO - epoch:0/50 iteration:100/257 batch loss is :5.4918
2025-02-11 21:56:21 - INFO - q loss:5.739656925201416 cls_loss:0.6130714416503906
2025-02-11 21:56:34 - INFO - torch.Size([256, 8])
2025-02-11 21:56:47 - INFO - torch.Size([256, 8])
2025-02-11 21:57:00 - INFO - torch.Size([256, 8])
2025-02-11 21:57:12 - INFO - torch.Size([256, 8])
2025-02-11 21:57:25 - INFO - torch.Size([256, 8])
2025-02-11 21:57:38 - INFO - torch.Size([256, 8])
2025-02-11 21:57:51 - INFO - torch.Size([256, 8])
2025-02-11 21:58:03 - INFO - torch.Size([256, 8])
2025-02-11 21:58:16 - INFO - torch.Size([256, 8])
2025-02-11 21:58:29 - INFO - torch.Size([256, 8])
2025-02-11 21:58:29 - INFO - epoch:0/50 iteration:110/257 batch loss is :5.7743
2025-02-11 21:58:29 - INFO - q loss:6.070858001708984 cls_loss:0.6141157150268555
2025-02-11 21:58:41 - INFO - torch.Size([256, 8])
2025-02-11 21:58:54 - INFO - torch.Size([256, 8])
2025-02-11 21:59:56 - INFO - torch.Size([256, 8])
2025-02-11 22:01:22 - INFO - torch.Size([256, 8])
2025-02-11 22:01:34 - INFO - torch.Size([256, 8])
2025-02-11 22:01:47 - INFO - torch.Size([256, 8])
2025-02-11 22:02:00 - INFO - torch.Size([256, 8])
2025-02-11 22:02:12 - INFO - torch.Size([256, 8])
2025-02-11 22:02:25 - INFO - torch.Size([256, 8])
2025-02-11 22:02:38 - INFO - torch.Size([256, 8])
2025-02-11 22:02:38 - INFO - epoch:0/50 iteration:120/257 batch loss is :5.5534
2025-02-11 22:02:38 - INFO - q loss:5.812963962554932 cls_loss:0.6123882532119751
2025-02-11 22:02:54 - INFO - torch.Size([256, 8])
2025-02-11 22:03:06 - INFO - torch.Size([256, 8])
2025-02-11 22:03:19 - INFO - torch.Size([256, 8])
2025-02-11 22:03:32 - INFO - torch.Size([256, 8])
2025-02-11 22:03:45 - INFO - torch.Size([256, 8])
2025-02-11 22:03:57 - INFO - torch.Size([256, 8])
2025-02-11 22:04:10 - INFO - torch.Size([256, 8])
2025-02-11 22:04:23 - INFO - torch.Size([256, 8])
2025-02-11 22:04:35 - INFO - torch.Size([256, 8])
2025-02-11 22:04:48 - INFO - torch.Size([256, 8])
2025-02-11 22:04:48 - INFO - epoch:0/50 iteration:130/257 batch loss is :5.8224
2025-02-11 22:04:48 - INFO - q loss:6.130924224853516 cls_loss:0.6111116409301758
2025-02-11 22:05:01 - INFO - torch.Size([256, 8])
2025-02-11 22:05:14 - INFO - torch.Size([256, 8])
2025-02-11 22:05:26 - INFO - torch.Size([256, 8])
2025-02-11 22:05:39 - INFO - torch.Size([256, 8])
2025-02-11 22:05:52 - INFO - torch.Size([256, 8])
2025-02-11 22:06:04 - INFO - torch.Size([256, 8])
2025-02-11 22:06:17 - INFO - torch.Size([256, 8])
2025-02-11 22:06:30 - INFO - torch.Size([256, 8])
2025-02-11 22:06:43 - INFO - torch.Size([256, 8])
2025-02-11 22:07:06 - INFO - torch.Size([256, 8])
2025-02-11 22:07:06 - INFO - epoch:0/50 iteration:140/257 batch loss is :8.1710
2025-02-11 22:07:06 - INFO - q loss:5.44819974899292 cls_loss:3.5400595664978027
2025-02-11 22:07:32 - INFO - torch.Size([256, 8])
2025-02-11 22:07:58 - INFO - torch.Size([256, 8])
2025-02-11 22:08:24 - INFO - torch.Size([256, 8])
2025-02-11 22:08:50 - INFO - torch.Size([256, 8])
2025-02-11 22:09:16 - INFO - torch.Size([256, 8])
2025-02-11 22:09:42 - INFO - torch.Size([256, 8])
2025-02-11 22:10:09 - INFO - torch.Size([256, 8])
2025-02-11 22:10:34 - INFO - torch.Size([256, 8])
2025-02-11 22:11:00 - INFO - torch.Size([256, 8])
2025-02-11 22:11:26 - INFO - torch.Size([256, 8])
2025-02-11 22:11:27 - INFO - epoch:0/50 iteration:150/257 batch loss is :5.2629
2025-02-11 22:11:27 - INFO - q loss:5.472679138183594 cls_loss:0.6111363172531128
2025-02-11 22:11:52 - INFO - torch.Size([256, 8])
2025-02-11 22:12:18 - INFO - torch.Size([256, 8])
2025-02-11 22:12:44 - INFO - torch.Size([256, 8])
2025-02-11 22:13:10 - INFO - torch.Size([256, 8])
2025-02-11 22:13:36 - INFO - torch.Size([256, 8])
2025-02-11 22:14:02 - INFO - torch.Size([256, 8])
2025-02-11 22:14:28 - INFO - torch.Size([256, 8])
2025-02-11 22:14:54 - INFO - torch.Size([256, 8])
2025-02-11 22:15:20 - INFO - torch.Size([256, 8])
2025-02-11 22:15:47 - INFO - torch.Size([256, 8])
2025-02-11 22:15:47 - INFO - epoch:0/50 iteration:160/257 batch loss is :8.0589
2025-02-11 22:15:47 - INFO - q loss:5.3239426612854 cls_loss:3.533543109893799
2025-02-11 22:16:13 - INFO - torch.Size([256, 8])
2025-02-11 22:16:39 - INFO - torch.Size([256, 8])
2025-02-11 22:17:05 - INFO - torch.Size([256, 8])
2025-02-11 22:17:31 - INFO - torch.Size([256, 8])
2025-02-11 22:17:55 - INFO - torch.Size([256, 8])
2025-02-11 22:18:07 - INFO - torch.Size([256, 8])
2025-02-11 22:18:20 - INFO - torch.Size([256, 8])
2025-02-11 22:18:33 - INFO - torch.Size([256, 8])
2025-02-11 22:18:46 - INFO - torch.Size([256, 8])
2025-02-11 22:18:58 - INFO - torch.Size([256, 8])
2025-02-11 22:18:58 - INFO - epoch:0/50 iteration:170/257 batch loss is :5.0278
2025-02-11 22:18:58 - INFO - q loss:5.1903276443481445 cls_loss:0.615989089012146
2025-02-11 22:19:11 - INFO - torch.Size([256, 8])
2025-02-11 22:19:24 - INFO - torch.Size([256, 8])
2025-02-11 22:19:36 - INFO - torch.Size([256, 8])
2025-02-11 22:19:49 - INFO - torch.Size([256, 8])
2025-02-11 22:20:02 - INFO - torch.Size([256, 8])
2025-02-11 22:20:15 - INFO - torch.Size([256, 8])
2025-02-11 22:20:27 - INFO - torch.Size([256, 8])
2025-02-11 22:20:40 - INFO - torch.Size([256, 8])
2025-02-11 22:20:53 - INFO - torch.Size([256, 8])
2025-02-11 22:21:05 - INFO - torch.Size([256, 8])
2025-02-11 22:21:05 - INFO - epoch:0/50 iteration:180/257 batch loss is :4.8901
2025-02-11 22:21:05 - INFO - q loss:5.030729293823242 cls_loss:0.6139978170394897
2025-02-11 22:21:18 - INFO - torch.Size([256, 8])
2025-02-11 22:21:31 - INFO - torch.Size([256, 8])
2025-02-11 22:21:43 - INFO - torch.Size([256, 8])
2025-02-11 22:21:56 - INFO - torch.Size([256, 8])
2025-02-11 22:22:09 - INFO - torch.Size([256, 8])
2025-02-11 22:22:22 - INFO - torch.Size([256, 8])
2025-02-11 22:22:34 - INFO - torch.Size([256, 8])
2025-02-11 22:22:47 - INFO - torch.Size([256, 8])
2025-02-11 22:23:00 - INFO - torch.Size([256, 8])
2025-02-11 22:23:12 - INFO - torch.Size([256, 8])
2025-02-11 22:23:12 - INFO - epoch:0/50 iteration:190/257 batch loss is :5.5678
2025-02-11 22:23:12 - INFO - q loss:5.826149940490723 cls_loss:0.6155729293823242
2025-02-11 22:23:25 - INFO - torch.Size([256, 8])
2025-02-11 22:23:38 - INFO - torch.Size([256, 8])
2025-02-11 22:23:51 - INFO - torch.Size([256, 8])
2025-02-11 22:24:03 - INFO - torch.Size([256, 8])
2025-02-11 22:24:16 - INFO - torch.Size([256, 8])
2025-02-11 22:24:29 - INFO - torch.Size([256, 8])
2025-02-11 22:24:41 - INFO - torch.Size([256, 8])
2025-02-11 22:24:54 - INFO - torch.Size([256, 8])
2025-02-11 22:25:07 - INFO - torch.Size([256, 8])
2025-02-11 22:25:19 - INFO - torch.Size([256, 8])
2025-02-11 22:25:19 - INFO - epoch:0/50 iteration:200/257 batch loss is :8.7796
2025-02-11 22:25:19 - INFO - q loss:5.2882795333862305 cls_loss:4.284609794616699
2025-02-11 22:25:32 - INFO - torch.Size([256, 8])
2025-02-11 22:25:45 - INFO - torch.Size([256, 8])
2025-02-11 22:25:57 - INFO - torch.Size([256, 8])
2025-02-11 22:26:10 - INFO - torch.Size([256, 8])
2025-02-11 22:26:23 - INFO - torch.Size([256, 8])
2025-02-11 22:26:36 - INFO - torch.Size([256, 8])
2025-02-11 22:26:48 - INFO - torch.Size([256, 8])
2025-02-11 22:27:01 - INFO - torch.Size([256, 8])
2025-02-11 22:27:14 - INFO - torch.Size([256, 8])
2025-02-11 22:27:26 - INFO - torch.Size([256, 8])
2025-02-11 22:27:26 - INFO - epoch:0/50 iteration:210/257 batch loss is :5.4193
2025-02-11 22:27:26 - INFO - q loss:5.6483917236328125 cls_loss:0.6181665658950806
2025-02-11 22:27:39 - INFO - torch.Size([256, 8])
2025-02-11 22:27:52 - INFO - torch.Size([256, 8])
2025-02-11 22:28:05 - INFO - torch.Size([256, 8])
2025-02-11 22:28:17 - INFO - torch.Size([256, 8])
2025-02-11 22:28:30 - INFO - torch.Size([256, 8])
2025-02-11 22:28:43 - INFO - torch.Size([256, 8])
2025-02-11 22:28:55 - INFO - torch.Size([256, 8])
2025-02-11 22:29:08 - INFO - torch.Size([256, 8])
2025-02-11 22:29:21 - INFO - torch.Size([256, 8])
2025-02-11 22:29:33 - INFO - torch.Size([256, 8])
2025-02-11 22:29:33 - INFO - epoch:0/50 iteration:220/257 batch loss is :5.1443
2025-02-11 22:29:33 - INFO - q loss:5.323689937591553 cls_loss:0.6191188097000122
2025-02-11 22:29:46 - INFO - torch.Size([256, 8])
2025-02-11 22:29:59 - INFO - torch.Size([256, 8])
2025-02-11 22:30:12 - INFO - torch.Size([256, 8])
2025-02-11 22:30:25 - INFO - torch.Size([256, 8])
2025-02-11 22:30:37 - INFO - torch.Size([256, 8])
2025-02-11 22:30:50 - INFO - torch.Size([256, 8])
2025-02-11 22:31:03 - INFO - torch.Size([256, 8])
2025-02-11 22:31:15 - INFO - torch.Size([256, 8])
2025-02-11 22:31:28 - INFO - torch.Size([256, 8])
2025-02-11 22:31:41 - INFO - torch.Size([256, 8])
2025-02-11 22:31:41 - INFO - epoch:0/50 iteration:230/257 batch loss is :5.8545
2025-02-11 22:31:41 - INFO - q loss:6.158609390258789 cls_loss:0.6196688413619995
2025-02-11 22:31:54 - INFO - torch.Size([256, 8])
2025-02-11 22:32:06 - INFO - torch.Size([256, 8])
2025-02-11 22:32:19 - INFO - torch.Size([256, 8])
2025-02-11 22:32:32 - INFO - torch.Size([256, 8])
2025-02-11 22:32:45 - INFO - torch.Size([256, 8])
2025-02-11 22:32:57 - INFO - torch.Size([256, 8])
2025-02-11 22:33:10 - INFO - torch.Size([256, 8])
2025-02-11 22:33:23 - INFO - torch.Size([256, 8])
2025-02-11 22:33:35 - INFO - torch.Size([256, 8])
2025-02-11 22:33:48 - INFO - torch.Size([256, 8])
2025-02-11 22:33:48 - INFO - epoch:0/50 iteration:240/257 batch loss is :5.1708
2025-02-11 22:33:48 - INFO - q loss:5.3589019775390625 cls_loss:0.6157345175743103
2025-02-11 22:34:01 - INFO - torch.Size([256, 8])
2025-02-11 22:34:14 - INFO - torch.Size([256, 8])
2025-02-11 22:34:27 - INFO - torch.Size([256, 8])
2025-02-11 22:34:39 - INFO - torch.Size([256, 8])
2025-02-11 22:34:52 - INFO - torch.Size([256, 8])
2025-02-11 22:35:05 - INFO - torch.Size([256, 8])
2025-02-11 22:35:18 - INFO - torch.Size([256, 8])
2025-02-11 22:35:30 - INFO - torch.Size([256, 8])
2025-02-11 22:35:43 - INFO - torch.Size([256, 8])
2025-02-11 22:35:56 - INFO - torch.Size([256, 8])
2025-02-11 22:35:56 - INFO - epoch:0/50 iteration:250/257 batch loss is :5.4998
2025-02-11 22:35:56 - INFO - q loss:5.748250484466553 cls_loss:0.6137707233428955
2025-02-11 22:36:08 - INFO - torch.Size([256, 8])
2025-02-11 22:36:21 - INFO - torch.Size([256, 8])
2025-02-11 22:36:34 - INFO - torch.Size([256, 8])
2025-02-11 22:36:46 - INFO - torch.Size([256, 8])
2025-02-11 22:36:59 - INFO - torch.Size([256, 8])
2025-02-11 22:36:59 - INFO - Epoch:0/50 Loss is :5.8858
2025-02-11 22:36:59 - INFO - average cls loss is :1.1685
2025-02-11 22:36:59 - INFO - average q divergence is : 5.5497
2025-02-11 23:31:22 - INFO - VAL loss :5.7040
2025-02-11 23:31:35 - INFO - torch.Size([256, 8])
2025-02-11 23:31:35 - INFO - epoch:1/50 iteration:0/257 batch loss is :5.8875
2025-02-11 23:31:35 - INFO - q loss:6.201822757720947 cls_loss:0.6159757375717163
2025-02-11 23:31:47 - INFO - torch.Size([256, 8])
2025-02-11 23:32:00 - INFO - torch.Size([256, 8])
2025-02-11 23:32:13 - INFO - torch.Size([256, 8])
2025-02-11 23:32:26 - INFO - torch.Size([256, 8])
2025-02-11 23:32:39 - INFO - torch.Size([256, 8])
2025-02-11 23:32:52 - INFO - torch.Size([256, 8])
2025-02-11 23:33:04 - INFO - torch.Size([256, 8])
2025-02-11 23:33:17 - INFO - torch.Size([256, 8])
2025-02-11 23:33:30 - INFO - torch.Size([256, 8])
2025-02-11 23:33:43 - INFO - torch.Size([256, 8])
2025-02-11 23:33:43 - INFO - epoch:1/50 iteration:10/257 batch loss is :5.6364
2025-02-11 23:33:43 - INFO - q loss:5.913463592529297 cls_loss:0.6099761724472046
2025-02-11 23:33:56 - INFO - torch.Size([256, 8])
2025-02-11 23:34:09 - INFO - torch.Size([256, 8])
2025-02-11 23:34:21 - INFO - torch.Size([256, 8])
2025-02-11 23:34:34 - INFO - torch.Size([256, 8])
2025-02-11 23:34:47 - INFO - torch.Size([256, 8])
2025-02-11 23:35:00 - INFO - torch.Size([256, 8])
2025-02-11 23:35:13 - INFO - torch.Size([256, 8])
2025-02-11 23:35:26 - INFO - torch.Size([256, 8])
2025-02-11 23:35:38 - INFO - torch.Size([256, 8])
2025-02-11 23:35:51 - INFO - torch.Size([256, 8])
2025-02-11 23:35:51 - INFO - epoch:1/50 iteration:20/257 batch loss is :5.6663
2025-02-11 23:35:51 - INFO - q loss:5.944752216339111 cls_loss:0.6133073568344116
2025-02-11 23:36:04 - INFO - torch.Size([256, 8])
2025-02-11 23:36:17 - INFO - torch.Size([256, 8])
2025-02-11 23:36:30 - INFO - torch.Size([256, 8])
2025-02-11 23:36:43 - INFO - torch.Size([256, 8])
2025-02-11 23:36:56 - INFO - torch.Size([256, 8])
2025-02-11 23:37:09 - INFO - torch.Size([256, 8])
2025-02-11 23:37:21 - INFO - torch.Size([256, 8])
2025-02-11 23:37:34 - INFO - torch.Size([256, 8])
2025-02-11 23:37:47 - INFO - torch.Size([256, 8])
2025-02-11 23:38:00 - INFO - torch.Size([256, 8])
2025-02-11 23:38:00 - INFO - epoch:1/50 iteration:30/257 batch loss is :5.2662
2025-02-11 23:38:00 - INFO - q loss:5.470032691955566 cls_loss:0.6166331171989441
2025-02-11 23:38:13 - INFO - torch.Size([256, 8])
2025-02-11 23:38:25 - INFO - torch.Size([256, 8])
2025-02-11 23:38:38 - INFO - torch.Size([256, 8])
2025-02-11 23:38:51 - INFO - torch.Size([256, 8])
2025-02-11 23:39:04 - INFO - torch.Size([256, 8])
2025-02-11 23:39:17 - INFO - torch.Size([256, 8])
2025-02-11 23:39:30 - INFO - torch.Size([256, 8])
2025-02-11 23:39:42 - INFO - torch.Size([256, 8])
2025-02-11 23:39:55 - INFO - torch.Size([256, 8])
2025-02-11 23:40:08 - INFO - torch.Size([256, 8])
2025-02-11 23:40:08 - INFO - epoch:1/50 iteration:40/257 batch loss is :5.4292
2025-02-11 23:40:08 - INFO - q loss:5.6621174812316895 cls_loss:0.616350531578064
2025-02-11 23:40:21 - INFO - torch.Size([256, 8])
2025-02-11 23:40:34 - INFO - torch.Size([256, 8])
2025-02-11 23:40:47 - INFO - torch.Size([256, 8])
2025-02-11 23:40:59 - INFO - torch.Size([256, 8])
2025-02-11 23:41:12 - INFO - torch.Size([256, 8])
2025-02-11 23:41:25 - INFO - torch.Size([256, 8])
2025-02-11 23:41:38 - INFO - torch.Size([256, 8])
2025-02-11 23:41:51 - INFO - torch.Size([256, 8])
2025-02-11 23:42:03 - INFO - torch.Size([256, 8])
2025-02-11 23:42:16 - INFO - torch.Size([256, 8])
2025-02-11 23:42:16 - INFO - epoch:1/50 iteration:50/257 batch loss is :5.2272
2025-02-11 23:42:16 - INFO - q loss:5.428903102874756 cls_loss:0.6126658916473389
2025-02-11 23:42:29 - INFO - torch.Size([256, 8])
2025-02-11 23:42:42 - INFO - torch.Size([256, 8])
2025-02-11 23:42:54 - INFO - torch.Size([256, 8])
2025-02-11 23:43:07 - INFO - torch.Size([256, 8])
2025-02-11 23:43:20 - INFO - torch.Size([256, 8])
2025-02-11 23:43:32 - INFO - torch.Size([256, 8])
2025-02-11 23:43:45 - INFO - torch.Size([256, 8])
2025-02-11 23:43:58 - INFO - torch.Size([256, 8])
2025-02-11 23:44:11 - INFO - torch.Size([256, 8])
2025-02-11 23:44:24 - INFO - torch.Size([256, 8])
2025-02-11 23:44:24 - INFO - epoch:1/50 iteration:60/257 batch loss is :11.3225
2025-02-11 23:44:24 - INFO - q loss:5.368439674377441 cls_loss:6.759366512298584
2025-02-11 23:44:36 - INFO - torch.Size([256, 8])
2025-02-11 23:44:49 - INFO - torch.Size([256, 8])
2025-02-11 23:45:02 - INFO - torch.Size([256, 8])
2025-02-11 23:45:15 - INFO - torch.Size([256, 8])
2025-02-11 23:45:28 - INFO - torch.Size([256, 8])
2025-02-11 23:45:41 - INFO - torch.Size([256, 8])
2025-02-11 23:45:54 - INFO - torch.Size([256, 8])
2025-02-11 23:46:06 - INFO - torch.Size([256, 8])
2025-02-11 23:46:19 - INFO - torch.Size([256, 8])
2025-02-11 23:46:32 - INFO - torch.Size([256, 8])
2025-02-11 23:46:32 - INFO - epoch:1/50 iteration:70/257 batch loss is :5.6187
2025-02-11 23:46:32 - INFO - q loss:5.887200355529785 cls_loss:0.6146007180213928
2025-02-11 23:46:45 - INFO - torch.Size([256, 8])
2025-02-11 23:46:58 - INFO - torch.Size([256, 8])
2025-02-11 23:47:10 - INFO - torch.Size([256, 8])
2025-02-11 23:47:23 - INFO - torch.Size([256, 8])
2025-02-11 23:47:36 - INFO - torch.Size([256, 8])
2025-02-11 23:47:49 - INFO - torch.Size([256, 8])
2025-02-11 23:48:02 - INFO - torch.Size([256, 8])
2025-02-11 23:48:15 - INFO - torch.Size([256, 8])
2025-02-11 23:48:27 - INFO - torch.Size([256, 8])
2025-02-11 23:48:40 - INFO - torch.Size([256, 8])
2025-02-11 23:48:40 - INFO - epoch:1/50 iteration:80/257 batch loss is :5.1028
2025-02-11 23:48:40 - INFO - q loss:5.2804856300354 cls_loss:0.6143571734428406
2025-02-11 23:48:53 - INFO - torch.Size([256, 8])
2025-02-11 23:49:06 - INFO - torch.Size([256, 8])
2025-02-11 23:49:19 - INFO - torch.Size([256, 8])
2025-02-11 23:49:32 - INFO - torch.Size([256, 8])
2025-02-11 23:49:45 - INFO - torch.Size([256, 8])
2025-02-11 23:49:58 - INFO - torch.Size([256, 8])
2025-02-11 23:50:11 - INFO - torch.Size([256, 8])
2025-02-11 23:50:24 - INFO - torch.Size([256, 8])
2025-02-11 23:50:36 - INFO - torch.Size([256, 8])
2025-02-11 23:50:49 - INFO - torch.Size([256, 8])
2025-02-11 23:50:49 - INFO - epoch:1/50 iteration:90/257 batch loss is :5.5275
2025-02-11 23:50:49 - INFO - q loss:5.779399871826172 cls_loss:0.6149681210517883
2025-02-11 23:51:02 - INFO - torch.Size([256, 8])
2025-02-11 23:51:15 - INFO - torch.Size([256, 8])
2025-02-11 23:51:28 - INFO - torch.Size([256, 8])
2025-02-11 23:51:40 - INFO - torch.Size([256, 8])
2025-02-11 23:51:53 - INFO - torch.Size([256, 8])
2025-02-11 23:52:06 - INFO - torch.Size([256, 8])
2025-02-11 23:52:19 - INFO - torch.Size([256, 8])
2025-02-11 23:52:31 - INFO - torch.Size([256, 8])
2025-02-11 23:52:44 - INFO - torch.Size([256, 8])
2025-02-11 23:52:57 - INFO - torch.Size([256, 8])
2025-02-11 23:52:57 - INFO - epoch:1/50 iteration:100/257 batch loss is :5.4496
2025-02-11 23:52:57 - INFO - q loss:5.689034938812256 cls_loss:0.6138759851455688
2025-02-11 23:53:10 - INFO - torch.Size([256, 8])
2025-02-11 23:53:23 - INFO - torch.Size([256, 8])
2025-02-11 23:53:36 - INFO - torch.Size([256, 8])
2025-02-11 23:53:48 - INFO - torch.Size([256, 8])
2025-02-11 23:54:01 - INFO - torch.Size([256, 8])
2025-02-11 23:54:14 - INFO - torch.Size([256, 8])
2025-02-11 23:54:27 - INFO - torch.Size([256, 8])
2025-02-11 23:54:39 - INFO - torch.Size([256, 8])
2025-02-11 23:54:52 - INFO - torch.Size([256, 8])
2025-02-11 23:55:05 - INFO - torch.Size([256, 8])
2025-02-11 23:55:05 - INFO - epoch:1/50 iteration:110/257 batch loss is :5.5149
2025-02-11 23:55:05 - INFO - q loss:5.767208099365234 cls_loss:0.6127294301986694
2025-02-11 23:55:17 - INFO - torch.Size([256, 8])
2025-02-11 23:55:30 - INFO - torch.Size([256, 8])
2025-02-11 23:55:43 - INFO - torch.Size([256, 8])
2025-02-11 23:55:56 - INFO - torch.Size([256, 8])
2025-02-11 23:56:08 - INFO - torch.Size([256, 8])
2025-02-11 23:56:21 - INFO - torch.Size([256, 8])
2025-02-11 23:56:34 - INFO - torch.Size([256, 8])
2025-02-11 23:56:47 - INFO - torch.Size([256, 8])
2025-02-11 23:56:59 - INFO - torch.Size([256, 8])
2025-02-11 23:57:12 - INFO - torch.Size([256, 8])
2025-02-11 23:57:12 - INFO - epoch:1/50 iteration:120/257 batch loss is :5.4696
2025-02-11 23:57:12 - INFO - q loss:5.716291427612305 cls_loss:0.6107932329177856
2025-02-11 23:57:25 - INFO - torch.Size([256, 8])
2025-02-11 23:57:38 - INFO - torch.Size([256, 8])
2025-02-11 23:57:51 - INFO - torch.Size([256, 8])
2025-02-11 23:58:03 - INFO - torch.Size([256, 8])
2025-02-11 23:58:16 - INFO - torch.Size([256, 8])
2025-02-11 23:58:29 - INFO - torch.Size([256, 8])
2025-02-11 23:58:42 - INFO - torch.Size([256, 8])
2025-02-11 23:58:54 - INFO - torch.Size([256, 8])
2025-02-11 23:59:07 - INFO - torch.Size([256, 8])
2025-02-11 23:59:20 - INFO - torch.Size([256, 8])
2025-02-11 23:59:20 - INFO - epoch:1/50 iteration:130/257 batch loss is :5.1467
2025-02-11 23:59:20 - INFO - q loss:5.336802959442139 cls_loss:0.6103966236114502
2025-02-11 23:59:32 - INFO - torch.Size([256, 8])
2025-02-11 23:59:45 - INFO - torch.Size([256, 8])
2025-02-11 23:59:58 - INFO - torch.Size([256, 8])
2025-02-12 00:00:11 - INFO - torch.Size([256, 8])
2025-02-12 00:00:24 - INFO - torch.Size([256, 8])
2025-02-12 00:00:36 - INFO - torch.Size([256, 8])
2025-02-12 00:00:49 - INFO - torch.Size([256, 8])
2025-02-12 00:01:02 - INFO - torch.Size([256, 8])
2025-02-12 00:01:15 - INFO - torch.Size([256, 8])
2025-02-12 00:01:28 - INFO - torch.Size([256, 8])
2025-02-12 00:01:28 - INFO - epoch:1/50 iteration:140/257 batch loss is :5.0881
2025-02-12 00:01:28 - INFO - q loss:5.27431583404541 cls_loss:0.6049330234527588
2025-02-12 00:01:40 - INFO - torch.Size([256, 8])
2025-02-12 00:01:53 - INFO - torch.Size([256, 8])
2025-02-12 00:02:06 - INFO - torch.Size([256, 8])
2025-02-12 00:02:18 - INFO - torch.Size([256, 8])
2025-02-12 00:02:31 - INFO - torch.Size([256, 8])
2025-02-12 00:02:44 - INFO - torch.Size([256, 8])
2025-02-12 00:02:56 - INFO - torch.Size([256, 8])
2025-02-12 00:03:09 - INFO - torch.Size([256, 8])
2025-02-12 00:03:22 - INFO - torch.Size([256, 8])
2025-02-12 00:03:35 - INFO - torch.Size([256, 8])
2025-02-12 00:03:35 - INFO - epoch:1/50 iteration:150/257 batch loss is :7.7151
2025-02-12 00:03:35 - INFO - q loss:5.063701629638672 cls_loss:3.410984516143799
2025-02-12 00:03:47 - INFO - torch.Size([256, 8])
2025-02-12 00:04:00 - INFO - torch.Size([256, 8])
2025-02-12 00:04:13 - INFO - torch.Size([256, 8])
2025-02-12 00:04:26 - INFO - torch.Size([256, 8])
2025-02-12 00:04:38 - INFO - torch.Size([256, 8])
2025-02-12 00:04:51 - INFO - torch.Size([256, 8])
2025-02-12 00:05:04 - INFO - torch.Size([256, 8])
2025-02-12 00:05:17 - INFO - torch.Size([256, 8])
2025-02-12 00:05:29 - INFO - torch.Size([256, 8])
2025-02-12 00:05:42 - INFO - torch.Size([256, 8])
2025-02-12 00:05:42 - INFO - epoch:1/50 iteration:160/257 batch loss is :5.0871
2025-02-12 00:05:42 - INFO - q loss:5.274101734161377 cls_loss:0.6041403412818909
2025-02-12 00:05:55 - INFO - torch.Size([256, 8])
2025-02-12 00:06:08 - INFO - torch.Size([256, 8])
2025-02-12 00:06:20 - INFO - torch.Size([256, 8])
2025-02-12 00:06:33 - INFO - torch.Size([256, 8])
2025-02-12 00:06:46 - INFO - torch.Size([256, 8])
2025-02-12 00:06:58 - INFO - torch.Size([256, 8])
2025-02-12 00:07:11 - INFO - torch.Size([256, 8])
2025-02-12 00:07:24 - INFO - torch.Size([256, 8])
2025-02-12 00:07:37 - INFO - torch.Size([256, 8])
2025-02-12 00:07:49 - INFO - torch.Size([256, 8])
2025-02-12 00:07:49 - INFO - epoch:1/50 iteration:170/257 batch loss is :4.9176
2025-02-12 00:07:49 - INFO - q loss:5.074479579925537 cls_loss:0.6042467355728149
2025-02-12 00:08:02 - INFO - torch.Size([256, 8])
2025-02-12 00:08:15 - INFO - torch.Size([256, 8])
2025-02-12 00:08:27 - INFO - torch.Size([256, 8])
2025-02-12 00:08:40 - INFO - torch.Size([256, 8])
2025-02-12 00:08:53 - INFO - torch.Size([256, 8])
2025-02-12 00:09:06 - INFO - torch.Size([256, 8])
2025-02-12 00:09:18 - INFO - torch.Size([256, 8])
2025-02-12 00:09:31 - INFO - torch.Size([256, 8])
2025-02-12 00:09:44 - INFO - torch.Size([256, 8])
2025-02-12 00:09:57 - INFO - torch.Size([256, 8])
2025-02-12 00:09:57 - INFO - epoch:1/50 iteration:180/257 batch loss is :5.2011
2025-02-12 00:09:57 - INFO - q loss:5.408899307250977 cls_loss:0.6035443544387817
2025-02-12 00:10:09 - INFO - torch.Size([256, 8])
2025-02-12 00:10:22 - INFO - torch.Size([256, 8])
2025-02-12 00:10:35 - INFO - torch.Size([256, 8])
2025-02-12 00:10:48 - INFO - torch.Size([256, 8])
2025-02-12 00:11:00 - INFO - torch.Size([256, 8])
2025-02-12 00:11:13 - INFO - torch.Size([256, 8])
2025-02-12 00:11:26 - INFO - torch.Size([256, 8])
2025-02-12 00:11:38 - INFO - torch.Size([256, 8])
2025-02-12 00:11:51 - INFO - torch.Size([256, 8])
2025-02-12 00:12:04 - INFO - torch.Size([256, 8])
2025-02-12 00:12:04 - INFO - epoch:1/50 iteration:190/257 batch loss is :4.9793
2025-02-12 00:12:04 - INFO - q loss:5.151571273803711 cls_loss:0.6004922389984131
2025-02-12 00:12:17 - INFO - torch.Size([256, 8])
2025-02-12 00:12:29 - INFO - torch.Size([256, 8])
2025-02-12 00:12:42 - INFO - torch.Size([256, 8])
2025-02-12 00:12:55 - INFO - torch.Size([256, 8])
2025-02-12 00:13:08 - INFO - torch.Size([256, 8])
2025-02-12 00:13:20 - INFO - torch.Size([256, 8])
2025-02-12 00:13:33 - INFO - torch.Size([256, 8])
2025-02-12 00:13:46 - INFO - torch.Size([256, 8])
2025-02-12 00:13:58 - INFO - torch.Size([256, 8])
2025-02-12 00:14:11 - INFO - torch.Size([256, 8])
2025-02-12 00:14:11 - INFO - epoch:1/50 iteration:200/257 batch loss is :5.2875
2025-02-12 00:14:11 - INFO - q loss:5.51262092590332 cls_loss:0.6017664670944214
2025-02-12 00:14:24 - INFO - torch.Size([256, 8])
2025-02-12 00:14:37 - INFO - torch.Size([256, 8])
2025-02-12 00:14:49 - INFO - torch.Size([256, 8])
2025-02-12 00:15:02 - INFO - torch.Size([256, 8])
2025-02-12 00:15:15 - INFO - torch.Size([256, 8])
2025-02-12 00:15:27 - INFO - torch.Size([256, 8])
2025-02-12 00:15:40 - INFO - torch.Size([256, 8])
2025-02-12 00:15:53 - INFO - torch.Size([256, 8])
2025-02-12 00:16:05 - INFO - torch.Size([256, 8])
2025-02-12 00:16:18 - INFO - torch.Size([256, 8])
2025-02-12 00:16:18 - INFO - epoch:1/50 iteration:210/257 batch loss is :5.4912
2025-02-12 00:16:18 - INFO - q loss:5.756994247436523 cls_loss:0.5977978110313416
2025-02-12 00:16:31 - INFO - torch.Size([256, 8])
2025-02-12 00:16:43 - INFO - torch.Size([256, 8])
2025-02-12 00:16:56 - INFO - torch.Size([256, 8])
2025-02-12 00:17:09 - INFO - torch.Size([256, 8])
2025-02-12 00:17:21 - INFO - torch.Size([256, 8])
2025-02-12 00:17:34 - INFO - torch.Size([256, 8])
2025-02-12 00:17:47 - INFO - torch.Size([256, 8])
2025-02-12 00:18:00 - INFO - torch.Size([256, 8])
2025-02-12 00:18:12 - INFO - torch.Size([256, 8])
2025-02-12 00:18:25 - INFO - torch.Size([256, 8])
2025-02-12 00:18:25 - INFO - epoch:1/50 iteration:220/257 batch loss is :5.0228
2025-02-12 00:18:25 - INFO - q loss:5.20135498046875 cls_loss:0.6016480922698975
2025-02-12 00:18:38 - INFO - torch.Size([256, 8])
2025-02-12 00:18:51 - INFO - torch.Size([256, 8])
2025-02-12 00:19:03 - INFO - torch.Size([256, 8])
2025-02-12 00:19:16 - INFO - torch.Size([256, 8])
2025-02-12 00:19:29 - INFO - torch.Size([256, 8])
2025-02-12 00:19:42 - INFO - torch.Size([256, 8])
2025-02-12 00:19:54 - INFO - torch.Size([256, 8])
2025-02-12 00:20:07 - INFO - torch.Size([256, 8])
2025-02-12 00:20:20 - INFO - torch.Size([256, 8])
2025-02-12 00:20:33 - INFO - torch.Size([256, 8])
2025-02-12 00:20:33 - INFO - epoch:1/50 iteration:230/257 batch loss is :5.5457
2025-02-12 00:20:33 - INFO - q loss:5.818528652191162 cls_loss:0.5999385118484497
2025-02-12 00:20:45 - INFO - torch.Size([256, 8])
2025-02-12 00:20:58 - INFO - torch.Size([256, 8])
2025-02-12 00:21:11 - INFO - torch.Size([256, 8])
2025-02-12 00:21:24 - INFO - torch.Size([256, 8])
2025-02-12 00:21:36 - INFO - torch.Size([256, 8])
2025-02-12 00:21:49 - INFO - torch.Size([256, 8])
2025-02-12 00:22:02 - INFO - torch.Size([256, 8])
2025-02-12 00:22:15 - INFO - torch.Size([256, 8])
2025-02-12 00:22:27 - INFO - torch.Size([256, 8])
2025-02-12 00:22:40 - INFO - torch.Size([256, 8])
2025-02-12 00:22:40 - INFO - epoch:1/50 iteration:240/257 batch loss is :5.1918
2025-02-12 00:22:40 - INFO - q loss:5.396423816680908 cls_loss:0.604816734790802
2025-02-12 00:22:53 - INFO - torch.Size([256, 8])
2025-02-12 00:23:05 - INFO - torch.Size([256, 8])
2025-02-12 00:23:18 - INFO - torch.Size([256, 8])
2025-02-12 00:23:31 - INFO - torch.Size([256, 8])
2025-02-12 00:23:43 - INFO - torch.Size([256, 8])
2025-02-12 00:23:56 - INFO - torch.Size([256, 8])
2025-02-12 00:24:09 - INFO - torch.Size([256, 8])
2025-02-12 00:24:22 - INFO - torch.Size([256, 8])
2025-02-12 00:24:34 - INFO - torch.Size([256, 8])
2025-02-12 00:24:47 - INFO - torch.Size([256, 8])
2025-02-12 00:24:47 - INFO - epoch:1/50 iteration:250/257 batch loss is :5.2494
2025-02-12 00:24:47 - INFO - q loss:5.460502624511719 cls_loss:0.6079813838005066
2025-02-12 00:25:00 - INFO - torch.Size([256, 8])
2025-02-12 00:25:13 - INFO - torch.Size([256, 8])
2025-02-12 00:25:25 - INFO - torch.Size([256, 8])
2025-02-12 00:25:38 - INFO - torch.Size([256, 8])
2025-02-12 00:25:51 - INFO - torch.Size([256, 8])
2025-02-12 00:25:51 - INFO - Epoch:1/50 Loss is :5.8166
2025-02-12 00:25:51 - INFO - average cls loss is :1.1440
2025-02-12 00:25:51 - INFO - average q divergence is : 5.4972
2025-02-12 00:26:04 - INFO - torch.Size([256, 8])
2025-02-12 00:26:04 - INFO - epoch:2/50 iteration:0/257 batch loss is :5.6444
2025-02-12 00:26:04 - INFO - q loss:5.931720733642578 cls_loss:0.6024134159088135
2025-02-12 00:26:16 - INFO - torch.Size([256, 8])
2025-02-12 00:26:29 - INFO - torch.Size([256, 8])
2025-02-12 00:26:42 - INFO - torch.Size([256, 8])
2025-02-12 00:26:54 - INFO - torch.Size([256, 8])
2025-02-12 00:27:07 - INFO - torch.Size([256, 8])
2025-02-12 00:27:20 - INFO - torch.Size([256, 8])
2025-02-12 00:27:33 - INFO - torch.Size([256, 8])
2025-02-12 00:27:45 - INFO - torch.Size([256, 8])
2025-02-12 00:27:58 - INFO - torch.Size([256, 8])
2025-02-12 00:28:11 - INFO - torch.Size([256, 8])
2025-02-12 00:28:11 - INFO - epoch:2/50 iteration:10/257 batch loss is :5.1969
2025-02-12 00:28:11 - INFO - q loss:5.406258583068848 cls_loss:0.60154789686203
2025-02-12 00:28:24 - INFO - torch.Size([256, 8])
2025-02-12 00:28:36 - INFO - torch.Size([256, 8])
2025-02-12 00:28:49 - INFO - torch.Size([256, 8])
2025-02-12 00:29:02 - INFO - torch.Size([256, 8])
2025-02-12 00:29:14 - INFO - torch.Size([256, 8])
2025-02-12 00:29:27 - INFO - torch.Size([256, 8])
2025-02-12 00:29:40 - INFO - torch.Size([256, 8])
2025-02-12 00:29:52 - INFO - torch.Size([256, 8])
2025-02-12 00:30:05 - INFO - torch.Size([256, 8])
2025-02-12 00:30:18 - INFO - torch.Size([256, 8])
2025-02-12 00:30:18 - INFO - epoch:2/50 iteration:20/257 batch loss is :8.4124
2025-02-12 00:30:18 - INFO - q loss:5.157385349273682 cls_loss:4.028574466705322
2025-02-12 00:30:31 - INFO - torch.Size([256, 8])
2025-02-12 00:30:43 - INFO - torch.Size([256, 8])
2025-02-12 00:30:56 - INFO - torch.Size([256, 8])
2025-02-12 00:31:09 - INFO - torch.Size([256, 8])
2025-02-12 00:31:21 - INFO - torch.Size([256, 8])
2025-02-12 00:31:34 - INFO - torch.Size([256, 8])
2025-02-12 00:31:47 - INFO - torch.Size([256, 8])
2025-02-12 00:31:59 - INFO - torch.Size([256, 8])
2025-02-12 00:32:12 - INFO - torch.Size([256, 8])
2025-02-12 00:32:25 - INFO - torch.Size([256, 8])
2025-02-12 00:32:25 - INFO - epoch:2/50 iteration:30/257 batch loss is :4.9829
2025-02-12 00:32:25 - INFO - q loss:5.154134750366211 cls_loss:0.6018775105476379
2025-02-12 00:32:38 - INFO - torch.Size([256, 8])
2025-02-12 00:32:50 - INFO - torch.Size([256, 8])
2025-02-12 00:33:03 - INFO - torch.Size([256, 8])
2025-02-12 00:33:16 - INFO - torch.Size([256, 8])
2025-02-12 00:33:28 - INFO - torch.Size([256, 8])
2025-02-12 00:33:41 - INFO - torch.Size([256, 8])
2025-02-12 00:33:54 - INFO - torch.Size([256, 8])
2025-02-12 00:34:06 - INFO - torch.Size([256, 8])
2025-02-12 00:34:19 - INFO - torch.Size([256, 8])
2025-02-12 00:34:32 - INFO - torch.Size([256, 8])
2025-02-12 00:34:32 - INFO - epoch:2/50 iteration:40/257 batch loss is :5.3259
2025-02-12 00:34:32 - INFO - q loss:5.557120323181152 cls_loss:0.6023013591766357
2025-02-12 00:34:45 - INFO - torch.Size([256, 8])
2025-02-12 00:34:57 - INFO - torch.Size([256, 8])
2025-02-12 00:35:10 - INFO - torch.Size([256, 8])
2025-02-12 00:35:23 - INFO - torch.Size([256, 8])
2025-02-12 00:35:36 - INFO - torch.Size([256, 8])
2025-02-12 00:35:48 - INFO - torch.Size([256, 8])
2025-02-12 00:36:01 - INFO - torch.Size([256, 8])
2025-02-12 00:36:14 - INFO - torch.Size([256, 8])
2025-02-12 00:36:26 - INFO - torch.Size([256, 8])
2025-02-12 00:36:39 - INFO - torch.Size([256, 8])
2025-02-12 00:36:39 - INFO - epoch:2/50 iteration:50/257 batch loss is :7.8728
2025-02-12 00:36:39 - INFO - q loss:5.53692102432251 cls_loss:3.166412353515625
2025-02-12 00:36:52 - INFO - torch.Size([256, 8])
2025-02-12 00:37:05 - INFO - torch.Size([256, 8])
2025-02-12 00:37:17 - INFO - torch.Size([256, 8])
2025-02-12 00:37:30 - INFO - torch.Size([256, 8])
2025-02-12 00:37:43 - INFO - torch.Size([256, 8])
2025-02-12 00:37:55 - INFO - torch.Size([256, 8])
2025-02-12 00:38:08 - INFO - torch.Size([256, 8])
2025-02-12 00:38:21 - INFO - torch.Size([256, 8])
2025-02-12 00:38:34 - INFO - torch.Size([256, 8])
2025-02-12 00:38:46 - INFO - torch.Size([256, 8])
2025-02-12 00:38:46 - INFO - epoch:2/50 iteration:60/257 batch loss is :5.5208
2025-02-12 00:38:46 - INFO - q loss:5.784885883331299 cls_loss:0.603598952293396
2025-02-12 00:38:59 - INFO - torch.Size([256, 8])
2025-02-12 00:39:12 - INFO - torch.Size([256, 8])
2025-02-12 00:39:24 - INFO - torch.Size([256, 8])
2025-02-12 00:39:37 - INFO - torch.Size([256, 8])
2025-02-12 00:39:50 - INFO - torch.Size([256, 8])
2025-02-12 00:40:02 - INFO - torch.Size([256, 8])
2025-02-12 00:40:15 - INFO - torch.Size([256, 8])
2025-02-12 00:40:28 - INFO - torch.Size([256, 8])
2025-02-12 00:40:41 - INFO - torch.Size([256, 8])
2025-02-12 00:40:53 - INFO - torch.Size([256, 8])
2025-02-12 00:40:53 - INFO - epoch:2/50 iteration:70/257 batch loss is :5.4263
2025-02-12 00:40:53 - INFO - q loss:5.677758693695068 cls_loss:0.6002150774002075
2025-02-12 00:41:06 - INFO - torch.Size([256, 8])
2025-02-12 00:41:19 - INFO - torch.Size([256, 8])
2025-02-12 00:41:32 - INFO - torch.Size([256, 8])
2025-02-12 00:41:44 - INFO - torch.Size([256, 8])
2025-02-12 00:41:57 - INFO - torch.Size([256, 8])
2025-02-12 00:42:10 - INFO - torch.Size([256, 8])
2025-02-12 00:42:22 - INFO - torch.Size([256, 8])
2025-02-12 00:42:35 - INFO - torch.Size([256, 8])
2025-02-12 00:42:48 - INFO - torch.Size([256, 8])
2025-02-12 00:43:01 - INFO - torch.Size([256, 8])
2025-02-12 00:43:01 - INFO - epoch:2/50 iteration:80/257 batch loss is :5.7713
2025-02-12 00:43:01 - INFO - q loss:6.081652641296387 cls_loss:0.601876974105835
2025-02-12 00:43:13 - INFO - torch.Size([256, 8])
2025-02-12 00:43:26 - INFO - torch.Size([256, 8])
2025-02-12 00:43:39 - INFO - torch.Size([256, 8])
2025-02-12 00:43:51 - INFO - torch.Size([256, 8])
2025-02-12 00:44:04 - INFO - torch.Size([256, 8])
2025-02-12 00:44:17 - INFO - torch.Size([256, 8])
2025-02-12 00:44:29 - INFO - torch.Size([256, 8])
2025-02-12 00:44:42 - INFO - torch.Size([256, 8])
2025-02-12 00:44:55 - INFO - torch.Size([256, 8])
2025-02-12 00:45:08 - INFO - torch.Size([256, 8])
2025-02-12 00:45:08 - INFO - epoch:2/50 iteration:90/257 batch loss is :5.1258
2025-02-12 00:45:08 - INFO - q loss:5.319191932678223 cls_loss:0.6044896245002747
2025-02-12 00:45:20 - INFO - torch.Size([256, 8])
2025-02-12 00:45:33 - INFO - torch.Size([256, 8])
2025-02-12 00:45:46 - INFO - torch.Size([256, 8])
2025-02-12 00:45:59 - INFO - torch.Size([256, 8])
2025-02-12 00:46:11 - INFO - torch.Size([256, 8])
2025-02-12 00:46:24 - INFO - torch.Size([256, 8])
2025-02-12 00:46:37 - INFO - torch.Size([256, 8])
2025-02-12 00:46:50 - INFO - torch.Size([256, 8])
2025-02-12 00:47:02 - INFO - torch.Size([256, 8])
2025-02-12 00:47:15 - INFO - torch.Size([256, 8])
2025-02-12 00:47:15 - INFO - epoch:2/50 iteration:100/257 batch loss is :4.9126
2025-02-12 00:47:15 - INFO - q loss:5.075911045074463 cls_loss:0.5981128215789795
2025-02-12 00:47:28 - INFO - torch.Size([256, 8])
2025-02-12 00:47:40 - INFO - torch.Size([256, 8])
2025-02-12 00:47:53 - INFO - torch.Size([256, 8])
2025-02-12 00:48:06 - INFO - torch.Size([256, 8])
2025-02-12 00:48:19 - INFO - torch.Size([256, 8])
2025-02-12 00:48:31 - INFO - torch.Size([256, 8])
2025-02-12 00:48:44 - INFO - torch.Size([256, 8])
2025-02-12 00:48:57 - INFO - torch.Size([256, 8])
2025-02-12 00:49:09 - INFO - torch.Size([256, 8])
2025-02-12 00:49:22 - INFO - torch.Size([256, 8])
2025-02-12 00:49:22 - INFO - epoch:2/50 iteration:110/257 batch loss is :5.4929
2025-02-12 00:49:22 - INFO - q loss:5.759572982788086 cls_loss:0.5973079204559326
2025-02-12 00:49:35 - INFO - torch.Size([256, 8])
2025-02-12 00:49:47 - INFO - torch.Size([256, 8])
2025-02-12 00:50:00 - INFO - torch.Size([256, 8])
2025-02-12 00:50:13 - INFO - torch.Size([256, 8])
2025-02-12 00:50:25 - INFO - torch.Size([256, 8])
2025-02-12 00:50:38 - INFO - torch.Size([256, 8])
2025-02-12 00:50:51 - INFO - torch.Size([256, 8])
2025-02-12 00:51:03 - INFO - torch.Size([256, 8])
2025-02-12 00:51:16 - INFO - torch.Size([256, 8])
2025-02-12 00:51:29 - INFO - torch.Size([256, 8])
2025-02-12 00:51:29 - INFO - epoch:2/50 iteration:120/257 batch loss is :5.6498
2025-02-12 00:51:29 - INFO - q loss:5.93626594543457 cls_loss:0.6039702892303467
2025-02-12 00:51:41 - INFO - torch.Size([256, 8])
2025-02-12 00:51:54 - INFO - torch.Size([256, 8])
2025-02-12 00:52:07 - INFO - torch.Size([256, 8])
2025-02-12 00:52:19 - INFO - torch.Size([256, 8])
2025-02-12 00:52:32 - INFO - torch.Size([256, 8])
2025-02-12 00:52:45 - INFO - torch.Size([256, 8])
2025-02-12 00:52:58 - INFO - torch.Size([256, 8])
2025-02-12 00:53:10 - INFO - torch.Size([256, 8])
2025-02-12 00:53:23 - INFO - torch.Size([256, 8])
2025-02-12 00:53:36 - INFO - torch.Size([256, 8])
2025-02-12 00:53:36 - INFO - epoch:2/50 iteration:130/257 batch loss is :5.1048
2025-02-12 00:53:36 - INFO - q loss:5.302664756774902 cls_loss:0.5975204706192017
2025-02-12 00:53:48 - INFO - torch.Size([256, 8])
2025-02-12 00:54:01 - INFO - torch.Size([256, 8])
2025-02-12 00:54:14 - INFO - torch.Size([256, 8])
2025-02-12 00:54:27 - INFO - torch.Size([256, 8])
2025-02-12 00:54:39 - INFO - torch.Size([256, 8])
2025-02-12 00:54:52 - INFO - torch.Size([256, 8])
2025-02-12 00:55:05 - INFO - torch.Size([256, 8])
2025-02-12 00:55:17 - INFO - torch.Size([256, 8])
2025-02-12 00:55:30 - INFO - torch.Size([256, 8])
2025-02-12 00:55:43 - INFO - torch.Size([256, 8])
2025-02-12 00:55:43 - INFO - epoch:2/50 iteration:140/257 batch loss is :4.8170
2025-02-12 00:55:43 - INFO - q loss:4.962552547454834 cls_loss:0.5987821221351624
2025-02-12 00:55:55 - INFO - torch.Size([256, 8])
2025-02-12 00:56:08 - INFO - torch.Size([256, 8])
2025-02-12 00:56:21 - INFO - torch.Size([256, 8])
2025-02-12 00:56:34 - INFO - torch.Size([256, 8])
2025-02-12 00:56:47 - INFO - torch.Size([256, 8])
2025-02-12 00:56:59 - INFO - torch.Size([256, 8])
2025-02-12 00:57:12 - INFO - torch.Size([256, 8])
2025-02-12 00:57:25 - INFO - torch.Size([256, 8])
2025-02-12 00:57:37 - INFO - torch.Size([256, 8])
2025-02-12 00:57:50 - INFO - torch.Size([256, 8])
2025-02-12 00:57:50 - INFO - epoch:2/50 iteration:150/257 batch loss is :5.4462
2025-02-12 00:57:50 - INFO - q loss:5.703063488006592 cls_loss:0.5985482931137085
2025-02-12 00:58:03 - INFO - torch.Size([256, 8])
2025-02-12 00:58:16 - INFO - torch.Size([256, 8])
2025-02-12 00:58:28 - INFO - torch.Size([256, 8])
2025-02-12 00:58:41 - INFO - torch.Size([256, 8])
2025-02-12 00:58:54 - INFO - torch.Size([256, 8])
2025-02-12 00:59:07 - INFO - torch.Size([256, 8])
2025-02-12 00:59:19 - INFO - torch.Size([256, 8])
2025-02-12 00:59:32 - INFO - torch.Size([256, 8])
2025-02-12 00:59:45 - INFO - torch.Size([256, 8])
2025-02-12 00:59:57 - INFO - torch.Size([256, 8])
2025-02-12 00:59:58 - INFO - epoch:2/50 iteration:160/257 batch loss is :4.9398
2025-02-12 00:59:58 - INFO - q loss:5.106021881103516 cls_loss:0.5996930599212646
2025-02-12 01:00:10 - INFO - torch.Size([256, 8])
2025-02-12 01:00:23 - INFO - torch.Size([256, 8])
2025-02-12 01:00:36 - INFO - torch.Size([256, 8])
2025-02-12 01:00:49 - INFO - torch.Size([256, 8])
2025-02-12 01:01:01 - INFO - torch.Size([256, 8])
2025-02-12 01:01:14 - INFO - torch.Size([256, 8])
2025-02-12 01:01:27 - INFO - torch.Size([256, 8])
2025-02-12 01:01:40 - INFO - torch.Size([256, 8])
2025-02-12 01:01:52 - INFO - torch.Size([256, 8])
2025-02-12 01:02:05 - INFO - torch.Size([256, 8])
2025-02-12 01:02:05 - INFO - epoch:2/50 iteration:170/257 batch loss is :5.4987
2025-02-12 01:02:05 - INFO - q loss:5.759910583496094 cls_loss:0.6027989387512207
2025-02-12 01:02:18 - INFO - torch.Size([256, 8])
2025-02-12 01:02:31 - INFO - torch.Size([256, 8])
2025-02-12 01:02:43 - INFO - torch.Size([256, 8])
2025-02-12 01:02:56 - INFO - torch.Size([256, 8])
2025-02-12 01:03:09 - INFO - torch.Size([256, 8])
2025-02-12 01:03:22 - INFO - torch.Size([256, 8])
2025-02-12 01:03:34 - INFO - torch.Size([256, 8])
2025-02-12 01:03:47 - INFO - torch.Size([256, 8])
2025-02-12 01:04:00 - INFO - torch.Size([256, 8])
2025-02-12 01:04:13 - INFO - torch.Size([256, 8])
2025-02-12 01:04:13 - INFO - epoch:2/50 iteration:180/257 batch loss is :5.5076
2025-02-12 01:04:13 - INFO - q loss:5.770467758178711 cls_loss:0.6027196645736694
2025-02-12 01:04:26 - INFO - torch.Size([256, 8])
2025-02-12 01:04:39 - INFO - torch.Size([256, 8])
2025-02-12 01:04:52 - INFO - torch.Size([256, 8])
2025-02-12 01:05:04 - INFO - torch.Size([256, 8])
2025-02-12 01:05:17 - INFO - torch.Size([256, 8])
2025-02-12 01:05:30 - INFO - torch.Size([256, 8])
2025-02-12 01:05:43 - INFO - torch.Size([256, 8])
2025-02-12 01:05:55 - INFO - torch.Size([256, 8])
2025-02-12 01:06:08 - INFO - torch.Size([256, 8])
2025-02-12 01:06:21 - INFO - torch.Size([256, 8])
2025-02-12 01:06:21 - INFO - epoch:2/50 iteration:190/257 batch loss is :5.1461
2025-02-12 01:06:21 - INFO - q loss:5.349686622619629 cls_loss:0.5988202095031738
2025-02-12 01:06:34 - INFO - torch.Size([256, 8])
2025-02-12 01:06:46 - INFO - torch.Size([256, 8])
2025-02-12 01:06:59 - INFO - torch.Size([256, 8])
2025-02-12 01:07:12 - INFO - torch.Size([256, 8])
2025-02-12 01:07:24 - INFO - torch.Size([256, 8])
2025-02-12 01:07:37 - INFO - torch.Size([256, 8])
2025-02-12 01:07:50 - INFO - torch.Size([256, 8])
2025-02-12 01:08:03 - INFO - torch.Size([256, 8])
2025-02-12 01:08:15 - INFO - torch.Size([256, 8])
2025-02-12 01:08:28 - INFO - torch.Size([256, 8])
2025-02-12 01:08:28 - INFO - epoch:2/50 iteration:200/257 batch loss is :5.1635
2025-02-12 01:08:28 - INFO - q loss:5.366281509399414 cls_loss:0.6021349430084229
2025-02-12 01:08:41 - INFO - torch.Size([256, 8])
2025-02-12 01:08:54 - INFO - torch.Size([256, 8])
2025-02-12 01:09:07 - INFO - torch.Size([256, 8])
2025-02-12 01:09:20 - INFO - torch.Size([256, 8])
2025-02-12 01:09:32 - INFO - torch.Size([256, 8])
2025-02-12 01:09:45 - INFO - torch.Size([256, 8])
2025-02-12 01:09:58 - INFO - torch.Size([256, 8])
2025-02-12 01:10:11 - INFO - torch.Size([256, 8])
2025-02-12 01:10:23 - INFO - torch.Size([256, 8])
2025-02-12 01:10:36 - INFO - torch.Size([256, 8])
2025-02-12 01:10:36 - INFO - epoch:2/50 iteration:210/257 batch loss is :8.0584
2025-02-12 01:10:36 - INFO - q loss:5.40470552444458 cls_loss:3.4644412994384766
2025-02-12 01:10:49 - INFO - torch.Size([256, 8])
2025-02-12 01:11:02 - INFO - torch.Size([256, 8])
2025-02-12 01:11:14 - INFO - torch.Size([256, 8])
2025-02-12 01:11:27 - INFO - torch.Size([256, 8])
2025-02-12 01:11:40 - INFO - torch.Size([256, 8])
2025-02-12 01:11:52 - INFO - torch.Size([256, 8])
2025-02-12 01:12:05 - INFO - torch.Size([256, 8])
2025-02-12 01:12:18 - INFO - torch.Size([256, 8])
2025-02-12 01:12:30 - INFO - torch.Size([256, 8])
2025-02-12 01:12:43 - INFO - torch.Size([256, 8])
2025-02-12 01:12:43 - INFO - epoch:2/50 iteration:220/257 batch loss is :5.2675
2025-02-12 01:12:43 - INFO - q loss:5.4925947189331055 cls_loss:0.5988427400588989
2025-02-12 01:12:56 - INFO - torch.Size([256, 8])
2025-02-12 01:13:09 - INFO - torch.Size([256, 8])
2025-02-12 01:13:22 - INFO - torch.Size([256, 8])
2025-02-12 01:13:34 - INFO - torch.Size([256, 8])
2025-02-12 01:13:47 - INFO - torch.Size([256, 8])
2025-02-12 01:14:00 - INFO - torch.Size([256, 8])
2025-02-12 01:14:13 - INFO - torch.Size([256, 8])
2025-02-12 01:14:26 - INFO - torch.Size([256, 8])
2025-02-12 01:14:38 - INFO - torch.Size([256, 8])
2025-02-12 01:14:51 - INFO - torch.Size([256, 8])
2025-02-12 01:14:51 - INFO - epoch:2/50 iteration:230/257 batch loss is :7.6550
2025-02-12 01:14:51 - INFO - q loss:4.914689540863037 cls_loss:3.477473258972168
2025-02-12 01:15:04 - INFO - torch.Size([256, 8])
2025-02-12 01:15:17 - INFO - torch.Size([256, 8])
2025-02-12 01:15:29 - INFO - torch.Size([256, 8])
2025-02-12 01:15:42 - INFO - torch.Size([256, 8])
2025-02-12 01:15:55 - INFO - torch.Size([256, 8])
2025-02-12 01:16:07 - INFO - torch.Size([256, 8])
2025-02-12 01:16:20 - INFO - torch.Size([256, 8])
2025-02-12 01:16:33 - INFO - torch.Size([256, 8])
2025-02-12 01:16:45 - INFO - torch.Size([256, 8])
2025-02-12 01:16:58 - INFO - torch.Size([256, 8])
2025-02-12 01:16:58 - INFO - epoch:2/50 iteration:240/257 batch loss is :5.4220
2025-02-12 01:16:58 - INFO - q loss:5.673650741577148 cls_loss:0.5994364023208618
2025-02-12 01:17:11 - INFO - torch.Size([256, 8])
2025-02-12 01:17:24 - INFO - torch.Size([256, 8])
2025-02-12 01:17:36 - INFO - torch.Size([256, 8])
2025-02-12 01:17:49 - INFO - torch.Size([256, 8])
2025-02-12 01:18:02 - INFO - torch.Size([256, 8])
2025-02-12 01:18:15 - INFO - torch.Size([256, 8])
2025-02-12 01:18:28 - INFO - torch.Size([256, 8])
2025-02-12 01:18:41 - INFO - torch.Size([256, 8])
2025-02-12 01:18:53 - INFO - torch.Size([256, 8])
2025-02-12 01:19:06 - INFO - torch.Size([256, 8])
2025-02-12 01:19:06 - INFO - epoch:2/50 iteration:250/257 batch loss is :5.3712
2025-02-12 01:19:06 - INFO - q loss:5.615744113922119 cls_loss:0.5978016257286072
2025-02-12 01:19:19 - INFO - torch.Size([256, 8])
2025-02-12 01:19:32 - INFO - torch.Size([256, 8])
2025-02-12 01:19:45 - INFO - torch.Size([256, 8])
2025-02-12 01:19:58 - INFO - torch.Size([256, 8])
2025-02-12 01:20:10 - INFO - torch.Size([256, 8])
2025-02-12 01:20:11 - INFO - Epoch:2/50 Loss is :5.7851
2025-02-12 01:20:11 - INFO - average cls loss is :1.1370
2025-02-12 01:20:11 - INFO - average q divergence is : 5.4684
2025-02-12 01:20:23 - INFO - torch.Size([256, 8])
2025-02-12 01:20:23 - INFO - epoch:3/50 iteration:0/257 batch loss is :5.3463
2025-02-12 01:20:23 - INFO - q loss:5.582123756408691 cls_loss:0.6014758348464966
2025-02-12 01:20:36 - INFO - torch.Size([256, 8])
2025-02-12 01:20:49 - INFO - torch.Size([256, 8])
2025-02-12 01:21:02 - INFO - torch.Size([256, 8])
2025-02-12 01:21:14 - INFO - torch.Size([256, 8])
2025-02-12 01:21:27 - INFO - torch.Size([256, 8])
2025-02-12 01:21:40 - INFO - torch.Size([256, 8])
2025-02-12 01:21:52 - INFO - torch.Size([256, 8])
2025-02-12 01:22:05 - INFO - torch.Size([256, 8])
2025-02-12 01:22:18 - INFO - torch.Size([256, 8])
2025-02-12 01:22:31 - INFO - torch.Size([256, 8])
2025-02-12 01:22:31 - INFO - epoch:3/50 iteration:10/257 batch loss is :4.8441
2025-02-12 01:22:31 - INFO - q loss:4.993157386779785 cls_loss:0.5998955965042114
2025-02-12 01:22:43 - INFO - torch.Size([256, 8])
2025-02-12 01:22:56 - INFO - torch.Size([256, 8])
2025-02-12 01:23:09 - INFO - torch.Size([256, 8])
2025-02-12 01:23:22 - INFO - torch.Size([256, 8])
2025-02-12 01:23:35 - INFO - torch.Size([256, 8])
2025-02-12 01:23:47 - INFO - torch.Size([256, 8])
2025-02-12 01:24:00 - INFO - torch.Size([256, 8])
2025-02-12 01:24:13 - INFO - torch.Size([256, 8])
2025-02-12 01:24:26 - INFO - torch.Size([256, 8])
2025-02-12 01:24:39 - INFO - torch.Size([256, 8])
2025-02-12 01:24:39 - INFO - epoch:3/50 iteration:20/257 batch loss is :5.2880
2025-02-12 01:24:39 - INFO - q loss:5.516393661499023 cls_loss:0.5990996360778809
2025-02-12 01:24:52 - INFO - torch.Size([256, 8])
2025-02-12 01:25:04 - INFO - torch.Size([256, 8])
2025-02-12 01:25:17 - INFO - torch.Size([256, 8])
2025-02-12 01:25:30 - INFO - torch.Size([256, 8])
2025-02-12 01:25:44 - INFO - torch.Size([256, 8])
2025-02-12 01:25:58 - INFO - torch.Size([256, 8])
2025-02-12 01:26:11 - INFO - torch.Size([256, 8])
2025-02-12 01:26:24 - INFO - torch.Size([256, 8])
2025-02-12 01:26:38 - INFO - torch.Size([256, 8])
2025-02-12 01:26:51 - INFO - torch.Size([256, 8])
2025-02-12 01:26:51 - INFO - epoch:3/50 iteration:30/257 batch loss is :5.0497
2025-02-12 01:26:51 - INFO - q loss:5.238429069519043 cls_loss:0.5970622897148132
2025-02-12 01:27:04 - INFO - torch.Size([256, 8])
2025-02-12 01:27:17 - INFO - torch.Size([256, 8])
2025-02-12 01:27:30 - INFO - torch.Size([256, 8])
2025-02-12 01:27:43 - INFO - torch.Size([256, 8])
2025-02-12 01:27:57 - INFO - torch.Size([256, 8])
2025-02-12 01:28:11 - INFO - torch.Size([256, 8])
2025-02-12 01:28:24 - INFO - torch.Size([256, 8])
2025-02-12 01:28:37 - INFO - torch.Size([256, 8])
2025-02-12 01:28:50 - INFO - torch.Size([256, 8])
2025-02-12 01:29:03 - INFO - torch.Size([256, 8])
2025-02-12 01:29:03 - INFO - epoch:3/50 iteration:40/257 batch loss is :5.1046
2025-02-12 01:29:03 - INFO - q loss:5.301914691925049 cls_loss:0.5979617834091187
2025-02-12 01:29:17 - INFO - torch.Size([256, 8])
2025-02-12 01:29:31 - INFO - torch.Size([256, 8])
2025-02-12 01:29:43 - INFO - torch.Size([256, 8])
2025-02-12 01:29:56 - INFO - torch.Size([256, 8])
2025-02-12 01:30:09 - INFO - torch.Size([256, 8])
2025-02-12 01:30:22 - INFO - torch.Size([256, 8])
2025-02-12 01:30:35 - INFO - torch.Size([256, 8])
2025-02-12 01:30:48 - INFO - torch.Size([256, 8])
2025-02-12 01:31:01 - INFO - torch.Size([256, 8])
2025-02-12 01:31:14 - INFO - torch.Size([256, 8])
2025-02-12 01:31:14 - INFO - epoch:3/50 iteration:50/257 batch loss is :5.3768
2025-02-12 01:31:14 - INFO - q loss:5.62257719039917 cls_loss:0.5976381301879883
2025-02-12 01:31:27 - INFO - torch.Size([256, 8])
2025-02-12 01:31:40 - INFO - torch.Size([256, 8])
2025-02-12 01:31:53 - INFO - torch.Size([256, 8])
2025-02-12 01:32:06 - INFO - torch.Size([256, 8])
2025-02-12 01:32:19 - INFO - torch.Size([256, 8])
2025-02-12 01:32:32 - INFO - torch.Size([256, 8])
2025-02-12 01:32:45 - INFO - torch.Size([256, 8])
2025-02-12 01:32:58 - INFO - torch.Size([256, 8])
2025-02-12 01:33:11 - INFO - torch.Size([256, 8])
2025-02-12 01:33:24 - INFO - torch.Size([256, 8])
2025-02-12 01:33:24 - INFO - epoch:3/50 iteration:60/257 batch loss is :8.6654
2025-02-12 01:33:24 - INFO - q loss:5.572627067565918 cls_loss:3.9286787509918213
2025-02-12 01:33:37 - INFO - torch.Size([256, 8])
2025-02-12 01:33:50 - INFO - torch.Size([256, 8])
2025-02-12 01:34:03 - INFO - torch.Size([256, 8])
2025-02-12 01:34:16 - INFO - torch.Size([256, 8])
2025-02-12 01:34:30 - INFO - torch.Size([256, 8])
2025-02-12 01:34:43 - INFO - torch.Size([256, 8])
2025-02-12 01:34:56 - INFO - torch.Size([256, 8])
2025-02-12 01:35:09 - INFO - torch.Size([256, 8])
2025-02-12 01:35:23 - INFO - torch.Size([256, 8])
2025-02-12 01:35:36 - INFO - torch.Size([256, 8])
2025-02-12 01:35:36 - INFO - epoch:3/50 iteration:70/257 batch loss is :5.1713
2025-02-12 01:35:36 - INFO - q loss:5.379619121551514 cls_loss:0.598628044128418
2025-02-12 01:35:49 - INFO - torch.Size([256, 8])
2025-02-12 01:36:02 - INFO - torch.Size([256, 8])
2025-02-12 01:36:15 - INFO - torch.Size([256, 8])
2025-02-12 01:36:28 - INFO - torch.Size([256, 8])
2025-02-12 01:36:41 - INFO - torch.Size([256, 8])
2025-02-12 01:36:55 - INFO - torch.Size([256, 8])
2025-02-12 01:37:08 - INFO - torch.Size([256, 8])
2025-02-12 01:37:22 - INFO - torch.Size([256, 8])
2025-02-12 01:37:35 - INFO - torch.Size([256, 8])
2025-02-12 01:37:48 - INFO - torch.Size([256, 8])
2025-02-12 01:37:48 - INFO - epoch:3/50 iteration:80/257 batch loss is :5.5444
2025-02-12 01:37:48 - INFO - q loss:5.823186874389648 cls_loss:0.5947340726852417
2025-02-12 01:38:01 - INFO - torch.Size([256, 8])
2025-02-12 01:38:14 - INFO - torch.Size([256, 8])
2025-02-12 01:38:27 - INFO - torch.Size([256, 8])
2025-02-12 01:38:39 - INFO - torch.Size([256, 8])
2025-02-12 01:38:52 - INFO - torch.Size([256, 8])
2025-02-12 01:39:05 - INFO - torch.Size([256, 8])
2025-02-12 01:39:18 - INFO - torch.Size([256, 8])
2025-02-12 01:39:31 - INFO - torch.Size([256, 8])
2025-02-12 01:39:44 - INFO - torch.Size([256, 8])
2025-02-12 01:39:57 - INFO - torch.Size([256, 8])
2025-02-12 01:39:57 - INFO - epoch:3/50 iteration:90/257 batch loss is :8.1355
2025-02-12 01:39:57 - INFO - q loss:5.370787620544434 cls_loss:3.5703465938568115
2025-02-12 01:40:10 - INFO - torch.Size([256, 8])
2025-02-12 01:40:25 - INFO - torch.Size([256, 8])
2025-02-12 01:40:38 - INFO - torch.Size([256, 8])
2025-02-12 01:40:50 - INFO - torch.Size([256, 8])
2025-02-12 01:41:03 - INFO - torch.Size([256, 8])
2025-02-12 01:41:16 - INFO - torch.Size([256, 8])
2025-02-12 01:41:30 - INFO - torch.Size([256, 8])
2025-02-12 01:41:43 - INFO - torch.Size([256, 8])
2025-02-12 01:41:56 - INFO - torch.Size([256, 8])
2025-02-12 01:42:10 - INFO - torch.Size([256, 8])
2025-02-12 01:42:10 - INFO - epoch:3/50 iteration:100/257 batch loss is :4.9871
2025-02-12 01:42:10 - INFO - q loss:5.163879871368408 cls_loss:0.5977756381034851
2025-02-12 01:42:23 - INFO - torch.Size([256, 8])
2025-02-12 01:42:36 - INFO - torch.Size([256, 8])
2025-02-12 01:42:49 - INFO - torch.Size([256, 8])
2025-02-12 01:43:03 - INFO - torch.Size([256, 8])
2025-02-12 01:43:16 - INFO - torch.Size([256, 8])
2025-02-12 01:43:29 - INFO - torch.Size([256, 8])
2025-02-12 01:43:42 - INFO - torch.Size([256, 8])
2025-02-12 01:43:56 - INFO - torch.Size([256, 8])
2025-02-12 01:44:09 - INFO - torch.Size([256, 8])
2025-02-12 01:44:22 - INFO - torch.Size([256, 8])
2025-02-12 01:44:22 - INFO - epoch:3/50 iteration:110/257 batch loss is :5.0530
2025-02-12 01:44:22 - INFO - q loss:5.245247840881348 cls_loss:0.5945196747779846
2025-02-12 01:44:35 - INFO - torch.Size([256, 8])
2025-02-12 01:44:48 - INFO - torch.Size([256, 8])
2025-02-12 01:45:02 - INFO - torch.Size([256, 8])
2025-02-12 01:45:15 - INFO - torch.Size([256, 8])
2025-02-12 01:45:28 - INFO - torch.Size([256, 8])
2025-02-12 01:45:41 - INFO - torch.Size([256, 8])
2025-02-12 01:45:54 - INFO - torch.Size([256, 8])
2025-02-12 01:46:07 - INFO - torch.Size([256, 8])
2025-02-12 01:46:20 - INFO - torch.Size([256, 8])
2025-02-12 01:46:33 - INFO - torch.Size([256, 8])
2025-02-12 01:46:33 - INFO - epoch:3/50 iteration:120/257 batch loss is :8.5080
2025-02-12 01:46:33 - INFO - q loss:5.290369510650635 cls_loss:4.0112104415893555
2025-02-12 01:46:46 - INFO - torch.Size([256, 8])
2025-02-12 01:46:59 - INFO - torch.Size([256, 8])
2025-02-12 01:47:13 - INFO - torch.Size([256, 8])
2025-02-12 01:47:26 - INFO - torch.Size([256, 8])
2025-02-12 01:47:39 - INFO - torch.Size([256, 8])
2025-02-12 01:47:52 - INFO - torch.Size([256, 8])
2025-02-12 01:48:05 - INFO - torch.Size([256, 8])
2025-02-12 01:48:18 - INFO - torch.Size([256, 8])
2025-02-12 01:48:31 - INFO - torch.Size([256, 8])
2025-02-12 01:48:44 - INFO - torch.Size([256, 8])
2025-02-12 01:48:44 - INFO - epoch:3/50 iteration:130/257 batch loss is :5.5878
2025-02-12 01:48:44 - INFO - q loss:5.870422840118408 cls_loss:0.597891092300415
2025-02-12 01:48:58 - INFO - torch.Size([256, 8])
2025-02-12 01:49:11 - INFO - torch.Size([256, 8])
2025-02-12 01:49:24 - INFO - torch.Size([256, 8])
2025-02-12 01:49:37 - INFO - torch.Size([256, 8])
2025-02-12 01:49:50 - INFO - torch.Size([256, 8])
2025-02-12 01:50:03 - INFO - torch.Size([256, 8])
2025-02-12 01:50:17 - INFO - torch.Size([256, 8])
2025-02-12 01:50:30 - INFO - torch.Size([256, 8])
2025-02-12 01:50:43 - INFO - torch.Size([256, 8])
2025-02-12 01:50:56 - INFO - torch.Size([256, 8])
2025-02-12 01:50:56 - INFO - epoch:3/50 iteration:140/257 batch loss is :5.2672
2025-02-12 01:50:56 - INFO - q loss:5.498492240905762 cls_loss:0.593525230884552
2025-02-12 01:51:09 - INFO - torch.Size([256, 8])
2025-02-12 01:51:22 - INFO - torch.Size([256, 8])
2025-02-12 01:51:35 - INFO - torch.Size([256, 8])
2025-02-12 01:51:49 - INFO - torch.Size([256, 8])
2025-02-12 01:52:02 - INFO - torch.Size([256, 8])
2025-02-12 01:52:15 - INFO - torch.Size([256, 8])
2025-02-12 01:52:28 - INFO - torch.Size([256, 8])
2025-02-12 01:52:41 - INFO - torch.Size([256, 8])
2025-02-12 01:52:54 - INFO - torch.Size([256, 8])
2025-02-12 01:53:07 - INFO - torch.Size([256, 8])
2025-02-12 01:53:07 - INFO - epoch:3/50 iteration:150/257 batch loss is :5.5951
2025-02-12 01:53:07 - INFO - q loss:5.878997802734375 cls_loss:0.5979329347610474
2025-02-12 01:53:21 - INFO - torch.Size([256, 8])
2025-02-12 01:53:34 - INFO - torch.Size([256, 8])
2025-02-12 01:53:47 - INFO - torch.Size([256, 8])
2025-02-12 01:54:00 - INFO - torch.Size([256, 8])
2025-02-12 01:54:13 - INFO - torch.Size([256, 8])
2025-02-12 01:54:26 - INFO - torch.Size([256, 8])
2025-02-12 01:54:39 - INFO - torch.Size([256, 8])
2025-02-12 01:54:52 - INFO - torch.Size([256, 8])
2025-02-12 01:55:05 - INFO - torch.Size([256, 8])
2025-02-12 01:55:18 - INFO - torch.Size([256, 8])
2025-02-12 01:55:18 - INFO - epoch:3/50 iteration:160/257 batch loss is :5.6485
2025-02-12 01:55:18 - INFO - q loss:5.939126491546631 cls_loss:0.600201427936554
2025-02-12 01:55:31 - INFO - torch.Size([256, 8])
2025-02-12 01:55:45 - INFO - torch.Size([256, 8])
2025-02-12 01:55:58 - INFO - torch.Size([256, 8])
2025-02-12 01:56:11 - INFO - torch.Size([256, 8])
2025-02-12 01:56:24 - INFO - torch.Size([256, 8])
2025-02-12 01:56:37 - INFO - torch.Size([256, 8])
2025-02-12 01:56:50 - INFO - torch.Size([256, 8])
2025-02-12 01:57:03 - INFO - torch.Size([256, 8])
2025-02-12 01:57:16 - INFO - torch.Size([256, 8])
2025-02-12 01:57:29 - INFO - torch.Size([256, 8])
2025-02-12 01:57:29 - INFO - epoch:3/50 iteration:170/257 batch loss is :5.1625
2025-02-12 01:57:29 - INFO - q loss:5.369078636169434 cls_loss:0.5987518429756165
2025-02-12 01:57:43 - INFO - torch.Size([256, 8])
2025-02-12 01:57:56 - INFO - torch.Size([256, 8])
2025-02-12 01:58:09 - INFO - torch.Size([256, 8])
2025-02-12 01:58:22 - INFO - torch.Size([256, 8])
2025-02-12 01:58:35 - INFO - torch.Size([256, 8])
2025-02-12 01:58:48 - INFO - torch.Size([256, 8])
2025-02-12 01:59:02 - INFO - torch.Size([256, 8])
2025-02-12 01:59:15 - INFO - torch.Size([256, 8])
2025-02-12 01:59:28 - INFO - torch.Size([256, 8])
2025-02-12 01:59:42 - INFO - torch.Size([256, 8])
2025-02-12 01:59:42 - INFO - epoch:3/50 iteration:180/257 batch loss is :5.5407
2025-02-12 01:59:42 - INFO - q loss:5.813624858856201 cls_loss:0.5991167426109314
2025-02-12 01:59:55 - INFO - torch.Size([256, 8])
2025-02-12 02:00:08 - INFO - torch.Size([256, 8])
2025-02-12 02:00:21 - INFO - torch.Size([256, 8])
2025-02-12 02:00:34 - INFO - torch.Size([256, 8])
2025-02-12 02:00:47 - INFO - torch.Size([256, 8])
2025-02-12 02:01:04 - INFO - torch.Size([256, 8])
2025-02-12 02:01:31 - INFO - torch.Size([256, 8])
2025-02-12 02:01:57 - INFO - torch.Size([256, 8])
2025-02-12 02:02:24 - INFO - torch.Size([256, 8])
2025-02-12 02:02:51 - INFO - torch.Size([256, 8])
2025-02-12 02:02:51 - INFO - epoch:3/50 iteration:190/257 batch loss is :5.1597
2025-02-12 02:02:51 - INFO - q loss:5.367129325866699 cls_loss:0.5976063013076782
2025-02-12 02:03:18 - INFO - torch.Size([256, 8])
2025-02-12 02:03:45 - INFO - torch.Size([256, 8])
2025-02-12 02:04:12 - INFO - torch.Size([256, 8])
2025-02-12 02:04:39 - INFO - torch.Size([256, 8])
2025-02-12 02:05:06 - INFO - torch.Size([256, 8])
2025-02-12 02:05:33 - INFO - torch.Size([256, 8])
2025-02-12 02:05:59 - INFO - torch.Size([256, 8])
2025-02-12 02:06:19 - INFO - torch.Size([256, 8])
2025-02-12 02:06:38 - INFO - torch.Size([256, 8])
2025-02-12 02:07:05 - INFO - torch.Size([256, 8])
2025-02-12 02:07:05 - INFO - epoch:3/50 iteration:200/257 batch loss is :5.1623
2025-02-12 02:07:05 - INFO - q loss:5.369686603546143 cls_loss:0.5980163812637329
2025-02-12 02:07:32 - INFO - torch.Size([256, 8])
2025-02-12 02:07:58 - INFO - torch.Size([256, 8])
2025-02-12 02:08:25 - INFO - torch.Size([256, 8])
2025-02-12 02:08:52 - INFO - torch.Size([256, 8])
2025-02-12 02:09:19 - INFO - torch.Size([256, 8])
2025-02-12 02:09:46 - INFO - torch.Size([256, 8])
2025-02-12 02:10:13 - INFO - torch.Size([256, 8])
2025-02-12 02:10:40 - INFO - torch.Size([256, 8])
2025-02-12 02:11:06 - INFO - torch.Size([256, 8])
2025-02-12 02:11:33 - INFO - torch.Size([256, 8])
2025-02-12 02:11:33 - INFO - epoch:3/50 iteration:210/257 batch loss is :5.1189
2025-02-12 02:11:33 - INFO - q loss:5.317380905151367 cls_loss:0.599155068397522
